[2023-02-10 10:33:48] START
[2023-02-10 10:57:08] CREATE db_scl.py: 0
[2023-02-10 13:26:51] EDIT Sensore_Cassetta_Lettere/private/appconfig.ini: 0
[2023-02-10 14:15:28] EDIT Sensore_Cassetta_Lettere/models/db_scl.py: 22
[2023-02-10 14:41:55] EDIT Sensore_Cassetta_Lettere/models/db_scl.py: -4
[2023-02-10 14:42:04] EDIT Sensore_Cassetta_Lettere/models/db_scl.py: 0
[2023-02-10 14:55:44] EDIT Sensore_Cassetta_Lettere/models/db_scl.py: 0
[2023-02-10 14:56:57] EDIT Sensore_Cassetta_Lettere/private/appconfig.ini: 0
[2023-02-10 14:57:50] EDIT Sensore_Cassetta_Lettere/models/db.py: 1
[2023-02-10 14:58:49] EDIT Sensore_Cassetta_Lettere/private/appconfig.ini: 0
[2023-02-10 14:59:57] EDIT Sensore_Cassetta_Lettere/private/appconfig.ini: 1
[2023-02-10 15:00:02] EDIT Sensore_Cassetta_Lettere/private/appconfig.ini: 0
[2023-02-10 15:03:37] EDIT Sensore_Cassetta_Lettere/models/db.py: 0
[2023-02-10 15:04:57] EDIT Sensore_Cassetta_Lettere/private/appconfig.ini: 0
[2023-02-10 15:05:45] EDIT Sensore_Cassetta_Lettere/models/db.py: 0
[2023-02-10 15:06:25] EDIT Sensore_Cassetta_Lettere/models/db.py: 0
[2023-02-10 15:06:38] EDIT Sensore_Cassetta_Lettere/models/db.py: 0
[2023-02-10 15:07:02] EDIT Sensore_Cassetta_Lettere/models/db.py: 0
[2023-02-10 15:15:31] EDIT Sensore_Cassetta_Lettere/models/db.py: 0
[2023-03-17 09:26:03] EDIT scl/models/db.py: -2
[2023-03-24 09:15:16] EDIT scl/private/appconfig.ini: 0
[2023-03-31 09:54:51] CREATE default/devices.html: 0
[2023-03-31 09:55:43] EDIT scl/views/default/devices.html: 1
[2023-03-31 09:56:00] EDIT scl/views/default/devices.html: 0
[2023-03-31 09:56:01] EDIT scl/views/default/devices.html: 0
[2023-03-31 10:17:49] EDIT scl/models/menu.py: 0
[2023-03-31 11:12:36] CREATE default/notif_calendar.html: 0
[2023-03-31 11:20:35] EDIT scl/views/default/notif_calendar.html: 1
[2023-03-31 11:20:35] EDIT scl/views/default/notif_calendar.html: 0
[2023-03-31 11:20:37] EDIT scl/views/default/notif_calendar.html: 0
[2023-03-31 11:21:17] EDIT scl/views/default/notif_list.html: 1
[2023-03-31 11:21:18] EDIT scl/views/default/notif_list.html: 0
[2023-03-31 11:21:20] EDIT scl/views/default/notif_list.html: 0
[2023-03-31 11:22:30] EDIT scl/views/default/notif_list.html: -1
[2023-03-31 11:22:52] EDIT scl/views/default/notif_list.html: 0
[2023-03-31 11:22:53] EDIT scl/views/default/notif_list.html: 0
[2023-03-31 11:22:53] EDIT scl/views/default/notif_list.html: 0
[2023-03-31 11:23:11] EDIT scl/views/default/notif_list.html: 1
[2023-03-31 11:23:12] EDIT scl/views/default/notif_list.html: 0
[2023-03-31 11:23:12] EDIT scl/views/default/notif_list.html: 0
[2023-03-31 11:23:12] EDIT scl/views/default/notif_list.html: 0
[2023-03-31 11:23:12] EDIT scl/views/default/notif_list.html: 0
[2023-03-31 11:26:03] EDIT scl/views/default/notif_calendar.html: -1
[2023-03-31 11:31:41] EDIT scl/controllers/default.py: -2
[2023-03-31 13:27:44] EDIT scl/controllers/default.py: 5
[2023-03-31 13:27:47] EDIT scl/controllers/default.py: 0
[2023-03-31 13:27:48] EDIT scl/controllers/default.py: 0
[2023-03-31 13:27:48] EDIT scl/controllers/default.py: 0
[2023-03-31 13:28:04] EDIT scl/controllers/default.py: -10
[2023-03-31 13:28:05] EDIT scl/controllers/default.py: 0
[2023-03-31 13:28:05] EDIT scl/controllers/default.py: 0
[2023-03-31 13:28:05] EDIT scl/controllers/default.py: 0
[2023-03-31 13:28:33] EDIT scl/controllers/default.py: 0
[2023-03-31 13:28:34] EDIT scl/controllers/default.py: 0
[2023-03-31 13:29:06] EDIT scl/controllers/default.py: 0
[2023-03-31 13:29:51] EDIT scl/controllers/default.py: 0
[2023-03-31 13:30:15] EDIT scl/controllers/default.py: 0
[2023-03-31 13:30:25] EDIT scl/controllers/default.py: -1
[2023-03-31 13:32:37] EDIT scl/controllers/default.py: 1
[2023-03-31 13:32:37] EDIT scl/controllers/default.py: 0
[2023-03-31 13:32:37] EDIT scl/controllers/default.py: 0
[2023-03-31 13:32:37] EDIT scl/controllers/default.py: 0
[2023-03-31 13:32:38] EDIT scl/controllers/default.py: 0
[2023-03-31 13:32:38] EDIT scl/controllers/default.py: 0
[2023-03-31 13:32:53] EDIT scl/controllers/default.py: -1
[2023-03-31 13:32:53] EDIT scl/controllers/default.py: 0
[2023-03-31 13:37:52] EDIT scl/controllers/default.py: 4
[2023-03-31 13:46:00] EDIT scl/controllers/default.py: 20
[2023-03-31 13:46:01] EDIT scl/controllers/default.py: 0
[2023-03-31 13:46:36] EDIT scl/controllers/default.py: -28
[2023-03-31 13:46:36] EDIT scl/controllers/default.py: 0
[2023-03-31 13:46:37] EDIT scl/controllers/default.py: 0
[2023-03-31 13:46:44] EDIT scl/controllers/default.py: 1
[2023-03-31 13:46:44] EDIT scl/controllers/default.py: 0
[2023-03-31 13:46:44] EDIT scl/controllers/default.py: 0
[2023-03-31 13:46:44] EDIT scl/controllers/default.py: 0
[2023-03-31 13:46:49] EDIT scl/controllers/default.py: 0
[2023-03-31 13:54:22] EDIT scl/views/default/notif_list.html: -7
[2023-03-31 13:55:33] EDIT scl/views/default/notif_list.html: -1
[2023-03-31 13:55:33] EDIT scl/views/default/notif_list.html: 0
[2023-03-31 13:55:33] EDIT scl/views/default/notif_list.html: 0
[2023-03-31 13:55:34] EDIT scl/views/default/notif_list.html: 0
[2023-03-31 13:56:49] EDIT scl/views/default/notif_list.html: 9
[2023-03-31 14:07:43] EDIT scl/views/default/notif_list.html.1: 92
[2023-03-31 14:09:06] EDIT scl/views/default/notif_list.html.1: -92
[2023-03-31 14:10:22] EDIT scl/views/default/notif_calendar.html: 0
[2023-03-31 14:10:22] EDIT scl/views/default/notif_calendar.html: 0
[2023-03-31 14:10:22] EDIT scl/views/default/notif_calendar.html: 0
[2023-03-31 14:15:22] EDIT scl/views/default/notif_list.html: -2
[2023-03-31 14:15:22] EDIT scl/views/default/notif_list.html: 0
[2023-03-31 14:15:22] EDIT scl/views/default/notif_list.html: 0
[2023-03-31 14:15:30] EDIT scl/views/default/notif_list.html: -4
[2023-03-31 14:15:30] EDIT scl/views/default/notif_list.html: 0
[2023-03-31 14:15:31] EDIT scl/views/default/notif_list.html: 0
[2023-03-31 14:15:31] EDIT scl/views/default/notif_list.html: 0
[2023-03-31 14:15:31] EDIT scl/views/default/notif_list.html: 0
[2023-03-31 14:17:50] EDIT scl/models/db_scl.py: 0
[2023-03-31 14:18:15] EDIT scl/models/db_scl.py: 0
[2023-03-31 14:18:15] EDIT scl/models/db_scl.py: 0
[2023-03-31 14:18:18] EDIT scl/models/db_scl.py: 0
[2023-03-31 14:18:19] EDIT scl/models/db_scl.py: 0
[2023-03-31 14:18:19] EDIT scl/models/db_scl.py: 0
[2023-03-31 14:18:19] EDIT scl/models/db_scl.py: 0
[2023-03-31 14:18:27] EDIT scl/models/db_scl.py: 0
[2023-03-31 14:20:36] DELETE scl/views/default/notif_list.html.1: -26
[2023-03-31 14:21:19] EDIT scl/views/default/notif_list.html: 15
[2023-03-31 14:21:19] EDIT scl/views/default/notif_list.html: 0
[2023-03-31 14:21:20] EDIT scl/views/default/notif_list.html: 0
[2023-03-31 14:21:36] EDIT scl/views/default/notif_list.html: 0
[2023-03-31 14:21:36] EDIT scl/views/default/notif_list.html: 0
[2023-03-31 14:21:36] EDIT scl/views/default/notif_list.html: 0
[2023-03-31 14:21:36] EDIT scl/views/default/notif_list.html: 0
[2023-03-31 14:24:03] EDIT scl/views/default/notif_list.html: 1
[2023-03-31 14:24:04] EDIT scl/views/default/notif_list.html: 0
[2023-03-31 14:24:04] EDIT scl/views/default/notif_list.html: 0
[2023-03-31 14:24:04] EDIT scl/views/default/notif_list.html: 0
[2023-03-31 14:24:10] EDIT scl/views/default/notif_list.html: 0
[2023-03-31 14:24:10] EDIT scl/views/default/notif_list.html: 0
[2023-03-31 14:24:38] EDIT scl/views/default/notif_list.html: 1
[2023-03-31 14:25:46] EDIT scl/views/default/notif_list.html: 0
[2023-03-31 14:25:47] EDIT scl/views/default/notif_list.html: 0
[2023-03-31 14:25:47] EDIT scl/views/default/notif_list.html: 0
[2023-03-31 14:25:52] EDIT scl/views/default/notif_list.html: 0
[2023-03-31 14:25:52] EDIT scl/views/default/notif_list.html: 0
[2023-03-31 14:25:52] EDIT scl/views/default/notif_list.html: 0
[2023-03-31 14:25:52] EDIT scl/views/default/notif_list.html: 0
[2023-03-31 14:26:11] EDIT scl/views/default/notif_list.html: 1
[2023-03-31 14:26:11] EDIT scl/views/default/notif_list.html: 0
[2023-03-31 14:26:12] EDIT scl/views/default/notif_list.html: 0
[2023-03-31 14:27:34] EDIT scl/views/default/notif_list.html: -5
[2023-03-31 14:27:34] EDIT scl/views/default/notif_list.html: 0
[2023-03-31 14:27:34] EDIT scl/views/default/notif_list.html: 0
[2023-03-31 14:27:50] EDIT scl/views/default/notif_list.html: 4
[2023-03-31 14:27:50] EDIT scl/views/default/notif_list.html: 0
[2023-03-31 14:27:51] EDIT scl/views/default/notif_list.html: 0
[2023-03-31 14:27:57] EDIT scl/views/default/notif_list.html: 0
[2023-03-31 14:27:57] EDIT scl/views/default/notif_list.html: 0
[2023-03-31 14:27:58] EDIT scl/views/default/notif_list.html: 0
[2023-03-31 14:28:04] EDIT scl/views/default/notif_list.html: 0
[2023-03-31 14:28:41] EDIT scl/views/default/notif_list.html: 1
[2023-03-31 14:29:06] DELETE scl/views/default/notif_list.html.1: -39
[2023-03-31 14:29:19] EDIT scl/views/default/notif_list.html: 0
[2023-03-31 14:35:23] EDIT scl/views/default/notif_list.html: -8
[2023-03-31 14:36:30] EDIT scl/views/default/notif_list.html: 2
[2023-03-31 14:36:44] EDIT scl/views/default/notif_list.html: 0
[2023-03-31 14:37:49] EDIT scl/models/db_scl.py: 0
[2023-03-31 14:39:30] EDIT scl/views/layout.html: 0
[2023-03-31 14:40:09] EDIT scl/views/layout.html: 0
[2023-03-31 14:40:51] EDIT scl/views/default/notif_list.html: 0
[2023-03-31 14:40:54] EDIT scl/views/default/notif_list.html: 0
[2023-03-31 14:40:55] EDIT scl/views/default/notif_list.html: 0
[2023-03-31 14:59:39] EDIT scl/controllers/default.py: 2
[2023-03-31 15:01:39] EDIT scl/controllers/default.py: 0
[2023-03-31 15:05:19] EDIT scl/controllers/default.py: -1
[2023-03-31 15:13:54] EDIT scl/controllers/default.py: 0
[2023-03-31 15:13:54] EDIT scl/controllers/default.py: 0
[2023-03-31 15:15:27] EDIT scl/controllers/default.py: 0
[2023-03-31 15:24:23] EDIT scl/controllers/default.py: 4
[2023-03-31 15:25:10] EDIT scl/controllers/default.py: -3
[2023-03-31 15:25:11] EDIT scl/controllers/default.py: 0
[2023-03-31 15:25:11] EDIT scl/controllers/default.py: 0
[2023-03-31 15:31:16] EDIT scl/views/default/notif_list.html: 0
[2023-03-31 15:31:16] EDIT scl/views/default/notif_list.html: 0
[2023-03-31 15:31:17] EDIT scl/views/default/notif_list.html: 0
[2023-03-31 15:44:05] EDIT scl/controllers/default.py: -1
[2023-03-31 15:58:34] EDIT scl/controllers/default.py: 1
[2023-03-31 16:01:29] EDIT scl/controllers/default.py: 1
[2023-03-31 16:01:30] EDIT scl/controllers/default.py: 0
[2023-03-31 16:01:30] EDIT scl/controllers/default.py: 0
[2023-03-31 16:01:40] EDIT scl/controllers/default.py: 1
[2023-03-31 16:01:40] EDIT scl/controllers/default.py: 0
[2023-03-31 16:01:40] EDIT scl/controllers/default.py: 0
[2023-03-31 16:02:02] EDIT scl/controllers/default.py: 1
[2023-03-31 16:02:23] EDIT scl/controllers/default.py: 0
[2023-03-31 16:02:44] EDIT scl/controllers/default.py: 0
[2023-03-31 16:03:23] EDIT scl/controllers/default.py: 0
[2023-03-31 16:03:32] EDIT scl/controllers/default.py: 0
[2023-03-31 16:03:33] EDIT scl/controllers/default.py: 0
[2023-03-31 16:04:30] EDIT scl/controllers/default.py: 1
[2023-03-31 16:04:31] EDIT scl/controllers/default.py: 0
[2023-03-31 16:04:31] EDIT scl/controllers/default.py: 0
[2023-03-31 16:06:51] EDIT scl/controllers/default.py: 2
[2023-03-31 16:06:51] EDIT scl/controllers/default.py: 0
[2023-03-31 16:06:51] EDIT scl/controllers/default.py: 0
[2023-03-31 16:07:03] EDIT scl/views/default/notif_list.html: 1
[2023-03-31 16:07:03] EDIT scl/views/default/notif_list.html: 0
[2023-03-31 16:07:04] EDIT scl/views/default/notif_list.html: 0
[2023-03-31 16:08:20] EDIT scl/controllers/default.py: 0
[2023-03-31 16:08:21] EDIT scl/controllers/default.py: 0
[2023-03-31 16:08:21] EDIT scl/controllers/default.py: 0
[2023-03-31 16:08:58] EDIT scl/views/default/notif_list.html: 1
[2023-03-31 16:11:03] EDIT scl/controllers/default.py: 0
[2023-03-31 16:11:04] EDIT scl/controllers/default.py: 0
[2023-03-31 16:12:40] EDIT scl/controllers/default.py: 1
[2023-03-31 16:13:08] EDIT scl/controllers/default.py: 0
[2023-03-31 16:13:08] EDIT scl/controllers/default.py: 0
[2023-03-31 16:13:09] EDIT scl/controllers/default.py: 0
[2023-03-31 16:13:09] EDIT scl/controllers/default.py: 0
[2023-03-31 16:13:09] EDIT scl/controllers/default.py: 0
[2023-03-31 16:13:09] EDIT scl/controllers/default.py: 0
[2023-03-31 16:13:37] EDIT scl/controllers/default.py: -1
[2023-03-31 16:16:44] EDIT scl/controllers/default.py: 2
[2023-03-31 16:18:33] EDIT scl/controllers/default.py: 1
[2023-03-31 16:18:57] EDIT scl/controllers/default.py: 0
[2023-03-31 16:21:33] EDIT scl/controllers/default.py: 1
[2023-03-31 16:21:43] EDIT scl/controllers/default.py: -1
[2023-03-31 16:22:52] EDIT scl/controllers/default.py: 1
[2023-04-05 12:29:22] EDIT scl/controllers/default.py: -1
[2023-04-21 08:45:49] EDIT scl/views/layout.html: 0
[2023-04-21 08:46:52] EDIT scl/views/default/notif_list.html: 0
[2023-04-21 08:46:52] EDIT scl/views/default/notif_list.html: 0
[2023-04-21 08:46:53] EDIT scl/views/default/notif_list.html: 0
[2023-04-21 08:47:57] EDIT scl/controllers/default.py: 0
[2023-04-21 08:51:17] EDIT scl/static/css/default.css: 1
[2023-04-21 08:51:18] EDIT scl/static/css/default.css: 0
[2023-04-21 08:51:36] EDIT scl/static/css/default.css: 0
[2023-04-21 08:51:52] EDIT scl/static/css/default.css: 0
[2023-04-21 08:52:17] EDIT scl/static/css/default.css: 0
[2023-04-21 08:53:50] EDIT scl/views/layout.html: 0
[2023-04-21 08:55:25] EDIT scl/views/layout.html: 0
[2023-04-21 08:57:56] EDIT scl/views/layout.html: 0
[2023-04-21 08:58:11] EDIT scl/views/layout.html: 0
[2023-04-21 08:58:12] EDIT scl/views/layout.html: 0
[2023-04-21 08:58:23] EDIT scl/views/layout.html: 0
[2023-04-21 08:59:01] EDIT scl/views/layout.html: 0
[2023-04-21 08:59:22] EDIT scl/views/layout.html: 0
[2023-04-21 08:59:59] EDIT scl/static/css/web2py-bootstrap4.css: 0
[2023-04-21 09:00:22] EDIT scl/static/css/web2py-bootstrap4.css: 1
[2023-04-21 09:00:45] EDIT scl/static/css/web2py-bootstrap4.css: 0
[2023-04-21 09:00:54] EDIT scl/static/css/web2py-bootstrap4.css: 0
[2023-04-21 09:01:35] EDIT scl/views/layout.html: 0
[2023-04-21 09:03:51] EDIT scl/static/css/web2py-bootstrap4.css: 1
[2023-04-21 09:04:02] EDIT scl/static/css/web2py-bootstrap4.css: 0
[2023-04-21 09:04:03] EDIT scl/static/css/web2py-bootstrap4.css: 0
[2023-04-21 09:04:03] EDIT scl/static/css/web2py-bootstrap4.css: 0
[2023-04-21 09:05:17] EDIT scl/views/layout.html: 0
[2023-04-21 09:05:18] EDIT scl/views/layout.html: 0
[2023-04-21 09:06:44] EDIT scl/views/layout.html: 0
[2023-04-21 09:06:53] EDIT scl/views/layout.html: 0
[2023-04-21 09:07:07] EDIT scl/views/layout.html: 0
[2023-04-21 09:12:24] EDIT scl/controllers/default.py: -1
[2023-04-21 09:12:33] EDIT scl/controllers/default.py: 1
[2023-04-21 09:13:03] EDIT scl/views/default/notif_list.html: -11
[2023-04-21 09:13:47] EDIT scl/views/default/notif_list.html: -21
[2023-04-21 09:14:20] EDIT scl/views/default/notif_list.html: 21
[2023-04-21 09:14:23] EDIT scl/views/default/notif_list.html: 0
[2023-04-21 09:14:29] EDIT scl/views/default/notif_list.html: 0
[2023-04-21 09:14:47] EDIT scl/views/default/notif_list.html: -1
[2023-04-21 09:15:21] EDIT scl/views/default/notif_list.html: 3
[2023-04-21 09:15:38] EDIT scl/views/default/notif_list.html: 0
[2023-04-21 09:28:00] EDIT scl/static/css/web2py-bootstrap4.css: 0
[2023-04-21 09:32:49] EDIT scl/static/css/bootstrap.min.css: 0
[2023-04-21 09:44:54] EDIT scl/static/css/default.css: 0
[2023-04-21 09:49:42] EDIT scl/views/layout.html: 0
[2023-04-21 10:05:37] EDIT scl/views/layout.html: 0
[2023-04-21 10:07:43] EDIT scl/views/layout.html: 0
[2023-04-21 10:09:51] EDIT scl/views/layout.html: 0
[2023-04-21 10:10:00] EDIT scl/views/layout.html: 0
[2023-04-21 10:10:03] EDIT scl/views/layout.html: 0
[2023-04-21 10:10:42] EDIT scl/views/default/notif_list.html: 0
[2023-04-21 10:13:53] EDIT scl/static/css/web2py.css: 4
[2023-04-21 10:13:56] EDIT scl/static/css/web2py.css: 0
[2023-04-21 10:14:35] EDIT scl/static/css/web2py.css: 1
[2023-04-21 10:15:25] EDIT scl/static/css/web2py.css: 0
[2023-04-21 10:15:38] EDIT scl/static/css/web2py.css: 0
[2023-04-21 10:15:39] EDIT scl/static/css/web2py.css: 0
[2023-04-21 10:15:39] EDIT scl/static/css/web2py.css: 0
[2023-04-21 10:20:50] EDIT scl/static/css/web2py.css: 0
[2023-04-21 10:22:02] EDIT scl/views/default/notif_list.html: 3
[2023-04-21 10:22:24] EDIT scl/views/default/notif_list.html: 0
[2023-04-21 10:22:24] EDIT scl/views/default/notif_list.html: 0
[2023-04-21 10:22:24] EDIT scl/views/default/notif_list.html: 0
[2023-04-21 10:22:24] EDIT scl/views/default/notif_list.html: 0
[2023-04-21 10:22:24] EDIT scl/views/default/notif_list.html: 0
[2023-04-21 10:25:03] EDIT scl/static/css/web2py-bootstrap4.css: 1
[2023-04-21 10:39:25] EDIT scl/static/css/default.css: 0
[2023-04-21 10:40:11] EDIT scl/views/default/index.html: 0
[2023-04-21 10:40:20] EDIT scl/views/default/index.html: 0
[2023-04-21 10:41:24] EDIT scl/views/default/devices.html: 26
[2023-04-21 10:42:04] EDIT scl/static/css/default.css: 0
[2023-04-21 10:42:33] EDIT scl/static/css/default.css: 0
[2023-04-21 10:44:46] EDIT scl/views/layout.html: 0
[2023-04-21 10:45:48] EDIT scl/controllers/default.py: 1
[2023-04-21 10:46:31] EDIT scl/static/css/web2py.css: 0
[2023-04-21 10:46:34] EDIT scl/static/css/web2py.css: 0
[2023-04-21 10:46:44] EDIT scl/static/css/web2py.css: 0
[2023-04-21 10:48:10] EDIT scl/static/css/web2py-bootstrap4.css: 0
[2023-04-21 10:48:56] EDIT scl/static/css/web2py.css: 4
[2023-04-21 10:49:30] EDIT scl/views/layout.html: 0
[2023-04-21 10:50:13] EDIT scl/views/layout.html: 0
[2023-04-21 10:50:35] EDIT scl/views/layout.html: 0
[2023-04-21 10:50:44] EDIT scl/views/layout.html: 0
[2023-04-21 10:51:21] EDIT scl/views/layout.html: 0
[2023-04-21 10:52:02] EDIT scl/static/css/default.css: 0
[2023-04-21 10:53:01] EDIT scl/static/css/default.css: 3
[2023-04-21 10:53:08] EDIT scl/static/css/default.css: 0
[2023-04-21 10:53:26] EDIT scl/static/css/default.css: 0
[2023-04-21 10:53:31] EDIT scl/static/css/default.css: 0
[2023-04-21 10:53:31] EDIT scl/static/css/default.css: 0
[2023-04-21 10:53:31] EDIT scl/static/css/default.css: 0
[2023-04-21 10:54:33] EDIT scl/views/default/user.html: 0
[2023-04-21 10:55:28] EDIT scl/views/layout.html: 0
[2023-04-21 10:56:03] EDIT scl/views/layout.html: 0
[2023-04-21 10:56:10] EDIT scl/views/layout.html: 0
[2023-04-21 10:58:32] EDIT scl/static/css/default.css: -3
[2023-04-21 10:58:58] EDIT scl/static/css/default.css: 0
[2023-04-21 10:59:45] EDIT scl/static/css/default.css: 0
[2023-04-21 11:05:22] EDIT scl/static/css/default.css: 0
[2023-04-21 11:10:14] EDIT scl/static/css/default.css: 0
[2023-04-21 11:10:18] EDIT scl/static/css/default.css: 0
[2023-04-21 11:10:39] EDIT scl/static/css/default.css: 0
[2023-04-21 11:24:31] EDIT scl/static/css/web2py-bootstrap4.css: 0
[2023-04-21 11:25:03] EDIT scl/static/css/web2py-bootstrap4.css: 0
[2023-04-21 11:32:32] EDIT scl/static/css/default.css: 3
[2023-04-21 15:18:50] EDIT scl/controllers/appadmin.py: 1
[2023-04-21 15:38:16] EDIT scl/controllers/default.py: 1
[2023-04-28 09:11:59] EDIT scl/views/default/notif_calendar.html: 31
[2023-04-28 09:13:09] EDIT scl/controllers/default.py: 20
[2023-04-28 09:13:39] EDIT scl/controllers/default.py: 0
[2023-04-28 09:13:47] EDIT scl/controllers/default.py: 0
[2023-04-28 09:13:48] EDIT scl/controllers/default.py: 0
[2023-04-28 09:14:33] DELETE scl/private/appconfig.ini.1: -29
[2023-04-28 16:15:21] CREATE a_log.py: 0
[2023-04-28 16:17:33] EDIT scl/models/a_log.py: 30
[2023-04-28 16:18:25] EDIT scl/controllers/default.py: 1
[2023-04-28 16:21:16] EDIT scl/controllers/default.py: 1
[2023-04-28 16:22:05] EDIT scl/models/a_log.py: 0
[2023-04-28 16:22:30] EDIT scl/models/a_log.py: 0
[2023-04-28 16:22:57] EDIT scl/models/a_log.py: 0
[2023-04-28 16:23:23] EDIT scl/models/a_log.py: 0
[2023-04-28 16:24:57] EDIT scl/models/a_log.py: 0
[2023-05-05 09:46:35] EDIT scl/views/layout.html: 9
[2023-05-05 09:52:33] EDIT scl/controllers/plugin_log.py: 0
[2023-05-05 09:54:30] EDIT scl/controllers/plugin_log.py: 4
[2023-05-05 09:54:34] EDIT scl/controllers/plugin_log.py: 0
[2023-05-05 10:02:20] EDIT scl/controllers/default.py: 2
[2023-05-05 10:03:09] EDIT scl/controllers/default.py: 2
[2023-05-05 10:05:18] EDIT scl/controllers/default.py: 1
[2023-05-05 10:59:48] EDIT scl/models/a_log.py: 0
[2023-05-05 11:01:20] EDIT scl/controllers/default.py: 0
[2023-05-05 11:01:25] EDIT scl/models/db_scl.py: 0
[2023-05-05 11:03:15] EDIT scl/models/a_log.py: 0
[2023-05-05 11:22:07] EDIT scl/models/a_log.py: 0
[2023-05-05 13:40:05] EDIT scl/controllers/default.py: 0
[2023-05-05 14:17:53] EDIT scl/models/a_log.py: 3
[2023-05-05 14:18:20] EDIT scl/models/a_log.py: 0
[2023-05-05 14:18:52] EDIT scl/models/a_log.py: 0
[2023-05-05 14:19:29] EDIT scl/models/a_log.py: 1
[2023-05-05 14:19:52] EDIT scl/models/a_log.py: 0
[2023-05-05 14:26:19] EDIT scl/models/a_log.py: 11
[2023-05-05 14:26:38] EDIT scl/models/a_log.py: 1
[2023-05-05 14:27:33] EDIT scl/models/a_log.py: 2
[2023-05-05 14:30:15] EDIT scl/models/a_log.py: 5
[2023-05-05 14:34:51] EDIT scl/controllers/default.py: 2
[2023-05-05 14:36:26] EDIT scl/models/a_log.py: -4
[2023-05-05 14:41:48] EDIT scl/controllers/default.py: 1
[2023-05-05 14:43:48] EDIT scl/controllers/default.py: 7
[2023-05-05 14:43:51] EDIT scl/controllers/default.py: 0
[2023-05-05 14:45:56] EDIT scl/controllers/default.py: 4
[2023-05-05 14:46:58] EDIT scl/models/a_log.py: 0
[2023-05-05 14:51:29] EDIT scl/models/a_log.py: -1
[2023-05-05 14:53:01] EDIT scl/controllers/default.py: 0
[2023-05-05 14:53:24] EDIT scl/controllers/default.py: 0
[2023-05-05 14:58:46] EDIT scl/controllers/default.py: 3
[2023-05-05 15:00:36] EDIT scl/controllers/default.py: 0
[2023-05-05 15:00:47] EDIT scl/controllers/default.py: 0
[2023-05-05 15:01:02] EDIT scl/controllers/default.py: 0
[2023-05-05 15:38:13] EDIT scl/controllers/plugin_log.py: 5
[2023-05-05 15:38:21] EDIT scl/controllers/plugin_log.py: 0
[2023-05-05 15:38:55] EDIT scl/controllers/plugin_log.py: 2
[2023-05-05 15:39:20] EDIT scl/controllers/plugin_log.py: 0
[2023-05-05 15:39:34] EDIT scl/controllers/plugin_log.py: 0
