timestamp: 2023-03-17T10:28:10.580653
CREATE TABLE "auth_user"(
    "id" INTEGER PRIMARY KEY AUTOINCREMENT,
    "first_name" CHAR(128),
    "last_name" CHAR(128),
    "email" CHAR(512),
    "password" CHAR(512),
    "registration_key" CHAR(512),
    "reset_password_key" CHAR(512),
    "registration_id" CHAR(512)
);
success!
timestamp: 2023-03-17T10:28:10.616913
CREATE TABLE "auth_group"(
    "id" INTEGER PRIMARY KEY AUTOINCREMENT,
    "role" CHAR(512),
    "description" TEXT
);
success!
timestamp: 2023-03-17T10:28:10.642732
CREATE TABLE "auth_membership"(
    "id" INTEGER PRIMARY KEY AUTOINCREMENT,
    "user_id" INTEGER REFERENCES "auth_user" ("id") ON DELETE CASCADE ON UPDATE CASCADE  ,
    "group_id" INTEGER REFERENCES "auth_group" ("id") ON DELETE CASCADE ON UPDATE CASCADE  
);
success!
timestamp: 2023-03-17T10:28:10.678192
CREATE TABLE "auth_permission"(
    "id" INTEGER PRIMARY KEY AUTOINCREMENT,
    "group_id" INTEGER REFERENCES "auth_group" ("id") ON DELETE CASCADE ON UPDATE CASCADE  ,
    "name" CHAR(512),
    "table_name" CHAR(512),
    "record_id" INTEGER
);
success!
timestamp: 2023-03-17T10:28:10.707820
CREATE TABLE "auth_event"(
    "id" INTEGER PRIMARY KEY AUTOINCREMENT,
    "time_stamp" TIMESTAMP,
    "client_ip" CHAR(512),
    "user_id" INTEGER REFERENCES "auth_user" ("id") ON DELETE CASCADE ON UPDATE CASCADE  ,
    "origin" CHAR(512),
    "description" TEXT
);
success!
timestamp: 2023-03-17T10:28:10.736041
CREATE TABLE "auth_cas"(
    "id" INTEGER PRIMARY KEY AUTOINCREMENT,
    "user_id" INTEGER REFERENCES "auth_user" ("id") ON DELETE CASCADE ON UPDATE CASCADE  ,
    "created_on" TIMESTAMP,
    "service" CHAR(512),
    "ticket" CHAR(512),
    "renew" CHAR(1)
);
success!
timestamp: 2023-03-17T10:28:10.761581
CREATE TABLE "notification"(
    "id" INTEGER PRIMARY KEY AUTOINCREMENT,
    "content_value" TEXT
);
success!
timestamp: 2023-03-17T10:28:10.789486
CREATE TABLE "sensor"(
    "id" INTEGER PRIMARY KEY AUTOINCREMENT,
    "hardware_type" CHAR(512),
    "recored_value" CHAR(1),
    "arrival_time" TIMESTAMP,
    "notif_id" INTEGER REFERENCES "notification" ("id") ON DELETE CASCADE ON UPDATE CASCADE  
);
success!
timestamp: 2023-03-17T10:28:10.816969
CREATE TABLE "device"(
    "id" INTEGER PRIMARY KEY AUTOINCREMENT,
    "model" CHAR(512)
);
success!
timestamp: 2023-03-17T10:28:10.842868
CREATE TABLE "deviceHasSensor"(
    "id" INTEGER PRIMARY KEY AUTOINCREMENT,
    "dev_id" INTEGER REFERENCES "device" ("id") ON DELETE CASCADE ON UPDATE CASCADE  ,
    "snsr_id" INTEGER REFERENCES "sensor" ("id") ON DELETE CASCADE ON UPDATE CASCADE  
);
success!
timestamp: 2023-03-17T10:28:10.870186
CREATE TABLE "userHasDevice"(
    "id" INTEGER PRIMARY KEY AUTOINCREMENT,
    "user_id" INTEGER REFERENCES "auth_user" ("id") ON DELETE CASCADE ON UPDATE CASCADE  ,
    "dev_id" INTEGER REFERENCES "device" ("id") ON DELETE CASCADE ON UPDATE CASCADE  
);
success!
timestamp: 2023-03-17T10:28:10.897290
CREATE TABLE "notificationNotifiesUser"(
    "id" INTEGER PRIMARY KEY AUTOINCREMENT,
    "notif_id" INTEGER REFERENCES "notification" ("id") ON DELETE CASCADE ON UPDATE CASCADE  ,
    "user_id" INTEGER REFERENCES "auth_user" ("id") ON DELETE CASCADE ON UPDATE CASCADE  
);
success!
timestamp: 2023-03-17T11:00:17.621797
CREATE TABLE "device_has_sensor"(
    "id" INTEGER PRIMARY KEY AUTOINCREMENT,
    "dev_id" INTEGER REFERENCES "device" ("id") ON DELETE CASCADE ON UPDATE CASCADE  ,
    "snsr_id" INTEGER REFERENCES "sensor" ("id") ON DELETE CASCADE ON UPDATE CASCADE  
);
success!
timestamp: 2023-03-17T11:00:17.655726
CREATE TABLE "user_has_device"(
    "id" INTEGER PRIMARY KEY AUTOINCREMENT,
    "user_id" INTEGER REFERENCES "auth_user" ("id") ON DELETE CASCADE ON UPDATE CASCADE  ,
    "dev_id" INTEGER REFERENCES "device" ("id") ON DELETE CASCADE ON UPDATE CASCADE  
);
success!
timestamp: 2023-03-17T11:00:17.702421
CREATE TABLE "notification_notifies_user"(
    "id" INTEGER PRIMARY KEY AUTOINCREMENT,
    "notif_id" INTEGER REFERENCES "notification" ("id") ON DELETE CASCADE ON UPDATE CASCADE  ,
    "user_id" INTEGER REFERENCES "auth_user" ("id") ON DELETE CASCADE ON UPDATE CASCADE  
);
success!
